#
# There is insufficient memory for the Java Runtime Environment to continue.
# Native memory allocation (mmap) failed to map 132120576 bytes for G1 virtual space
# Possible reasons:
#   The system is out of physical RAM or swap space
#   The process is running with CompressedOops enabled, and the Java Heap may be blocking the growth of the native heap
# Possible solutions:
#   Reduce memory load on the system
#   Increase physical memory or swap space
#   Check if swap backing store is full
#   Decrease Java heap size (-Xmx/-Xms)
#   Decrease number of Java threads
#   Decrease Java thread stack sizes (-Xss)
#   Set larger code cache with -XX:ReservedCodeCacheSize=
#   JVM is running with Unscaled Compressed Oops mode in which the Java heap is
#     placed in the first 4GB address space. The Java Heap base address is the
#     maximum limit for the native heap growth. Please use -XX:HeapBaseMinAddress
#     to set the Java Heap base and to place the Java Heap above 4GB virtual address.
# This output file may be truncated or incomplete.
#
#  Out of Memory Error (./open/src/hotspot/os/windows/os_windows.cpp:3472), pid=720, tid=18212
#
# JRE version:  (15.0+36) (build )
# Java VM: Java HotSpot(TM) 64-Bit Server VM (15+36-1562, mixed mode, sharing, tiered, compressed oops, g1 gc, windows-amd64)
# No core dump will be written. Minidumps are not enabled by default on client versions of Windows
#

---------------  S U M M A R Y ------------

Command Line: -Dfile.encoding=GBK main_part.MainBody

Host: Intel(R) Core(TM) i5-8265U CPU @ 1.60GHz, 8 cores, 7G,  Windows 10 , 64 bit Build 18362 (10.0.18362.1110)
Time: Wed Jan  6 22:27:39 2021 ?D1ú±ê×?ê±?? elapsed time: 0.017777 seconds (0d 0h 0m 0s)

---------------  T H R E A D  ---------------

Current thread (0x000001afe1d96630):  JavaThread "Unknown thread" [_thread_in_vm, id=18212, stack(0x000000a6bf300000,0x000000a6bf400000)]

Stack: [0x000000a6bf300000,0x000000a6bf400000]
Native frames: (J=compiled Java code, j=interpreted, Vv=VM code, C=native code)
V  [jvm.dll+0x629eaa]
V  [jvm.dll+0x780379]
V  [jvm.dll+0x781ad3]
V  [jvm.dll+0x782133]
V  [jvm.dll+0x2159d5]
V  [jvm.dll+0x627299]
V  [jvm.dll+0x61bdd5]
V  [jvm.dll+0x2cf96d]
V  [jvm.dll+0x2cf7d2]
V  [jvm.dll+0x2d57ac]
V  [jvm.dll+0x32523a]
V  [jvm.dll+0x324904]
V  [jvm.dll+0x2a68ea]
V  [jvm.dll+0x2a7a88]
V  [jvm.dll+0x75d0f1]
V  [jvm.dll+0x333af4]
V  [jvm.dll+0x73d816]
V  [jvm.dll+0x3b68e7]
V  [jvm.dll+0x3b8371]
C  [jli.dll+0x52fb]
C  [ucrtbase.dll+0x210b2]
C  [KERNEL32.DLL+0x17c24]
C  [ntdll.dll+0x6d4d1]


---------------  P R O C E S S  ---------------

Threads class SMR info:
_java_thread_list=0x00007ffc7f1c2fa0, length=0, elements={
}

Java Threads: ( => current thread )

Other Threads:
  0x000001afe1dcec30 GCTaskThread "GC Thread#0" [stack: 0x000000a6bf400000,0x000000a6bf500000] [id=14732]
  0x000001afe1de1170 ConcurrentGCThread "G1 Main Marker" [stack: 0x000000a6bf500000,0x000000a6bf600000] [id=26192]
  0x000001afe1de2d70 ConcurrentGCThread "G1 Conc#0" [stack: 0x000000a6bf600000,0x000000a6bf700000] [id=27744]

[error occurred during error reporting (printing all threads), id 0xc0000005, EXCEPTION_ACCESS_VIOLATION (0xc0000005) at pc=0x00007ffc7e9b77b7]

VM state: not at safepoint (not fully initialized)

VM Mutex/Monitor currently owned by a thread:  ([mutex/lock_event])
[0x000001afe1d91cc0] Heap_lock - owner thread: 0x000001afe1d96630

Heap address: 0x0000000082600000, size: 2010 MB, Compressed Oops mode: 32-bit
CDS archive(s) mapped at: [0x0000000000000000-0x0000000000000000-0x0000000000000000), size 0, SharedBaseAddress: 0x0000000800000000, ArchiveRelocationMode: 0.
Narrow klass base: 0x0000000000000000, Narrow klass shift: 0, Narrow klass range: 0x0

Heap:
 garbage-first heap   total 129024K, used 0K [0x0000000082600000, 0x0000000100000000)
  region size 1024K, 0 young (0K), 0 survivors (0K)
 Metaspace       used 0K, capacity 0K, committed 0K, reserved 0K
  class space    used 0K, capacity 0K, committed 0K, reserved 0K

Heap Regions: E=young(eden), S=young(survivor), O=old, HS=humongous(starts), HC=humongous(continues), CS=collection set, F=free, OA=open archive, CA=closed archive, TAMS=top-at-mark-start (previous, next)

Card table byte_map: [0x000001aff96e0000,0x000001aff9ad0000] _byte_map_base: 0x000001aff92cd000

Marking Bits (Prev, Next): (CMBitMap*) 0x000001afe1dcf4a0, (CMBitMap*) 0x000001afe1dcf4e0
 Prev Bits: [0x000001aff9ec0000, 0x000001affbe28000)
 Next Bits: [0x000001affbe30000, 0x000001affdd98000)

GC Heap History (0 events):
No events

Deoptimization events (0 events):
No events

Classes unloaded (0 events):
No events

Classes redefined (0 events):
No events

Internal exceptions (0 events):
No events

Events (1 events):
Event: 0.011 Loaded shared library D:\Eclipse\New Folder\bin\java.dll


Dynamic libraries:
0x00007ff7807c0000 - 0x00007ff7807cf000 	D:\Eclipse\New Folder\bin\javaw.exe
0x00007ffcc8b60000 - 0x00007ffcc8d50000 	C:\WINDOWS\SYSTEM32\ntdll.dll
0x00007ffcc8090000 - 0x00007ffcc8142000 	C:\WINDOWS\System32\KERNEL32.DLL
0x00007ffcc5e50000 - 0x00007ffcc60f5000 	C:\WINDOWS\System32\KERNELBASE.dll
0x00007ffcc5d20000 - 0x00007ffcc5e1a000 	C:\WINDOWS\System32\ucrtbase.dll
0x00007ffcbf130000 - 0x00007ffcbf148000 	D:\Eclipse\New Folder\bin\jli.dll
0x00007ffcbeda0000 - 0x00007ffcbedb9000 	D:\Eclipse\New Folder\bin\VCRUNTIME140.dll
0x00007ffcc7f30000 - 0x00007ffcc7fd3000 	C:\WINDOWS\System32\ADVAPI32.dll
0x00007ffcc6c10000 - 0x00007ffcc6cae000 	C:\WINDOWS\System32\msvcrt.dll
0x00007ffcc7080000 - 0x00007ffcc7117000 	C:\WINDOWS\System32\sechost.dll
0x00007ffcc83e0000 - 0x00007ffcc8500000 	C:\WINDOWS\System32\RPCRT4.dll
0x00007ffcc7440000 - 0x00007ffcc75d4000 	C:\WINDOWS\System32\USER32.dll
0x00007ffcc5af0000 - 0x00007ffcc5b11000 	C:\WINDOWS\System32\win32u.dll
0x00007ffcc7410000 - 0x00007ffcc7436000 	C:\WINDOWS\System32\GDI32.dll
0x00007ffcc5b20000 - 0x00007ffcc5cb6000 	C:\WINDOWS\System32\gdi32full.dll
0x00007ffcc61b0000 - 0x00007ffcc624e000 	C:\WINDOWS\System32\msvcp_win.dll
0x00007ffcc4ef0000 - 0x00007ffcc5174000 	C:\WINDOWS\WinSxS\amd64_microsoft.windows.common-controls_6595b64144ccf1df_6.0.18362.1256_none_9e7e379be45e40e2\COMCTL32.dll
0x00007ffcc6d40000 - 0x00007ffcc7076000 	C:\WINDOWS\System32\combase.dll
0x00007ffcc69e0000 - 0x00007ffcc6a61000 	C:\WINDOWS\System32\bcryptPrimitives.dll
0x00007ffcc2fd0000 - 0x00007ffcc2fda000 	C:\WINDOWS\SYSTEM32\VERSION.dll
0x00007ffcc6cb0000 - 0x00007ffcc6cde000 	C:\WINDOWS\System32\IMM32.DLL
0x00007ffcc13e0000 - 0x00007ffcc13ec000 	D:\Eclipse\New Folder\bin\vcruntime140_1.dll
0x00007ffc8a6f0000 - 0x00007ffc8a781000 	D:\Eclipse\New Folder\bin\msvcp140.dll
0x00007ffc7e700000 - 0x00007ffc7f25c000 	D:\Eclipse\New Folder\bin\server\jvm.dll
0x00007ffcc7fe0000 - 0x00007ffcc7fe8000 	C:\WINDOWS\System32\PSAPI.DLL
0x00007ffcc2c10000 - 0x00007ffcc2c34000 	C:\WINDOWS\SYSTEM32\WINMM.dll
0x00007ffcc2b00000 - 0x00007ffcc2b2d000 	C:\WINDOWS\SYSTEM32\WINMMBASE.dll
0x00007ffcc6bc0000 - 0x00007ffcc6c0a000 	C:\WINDOWS\System32\cfgmgr32.dll
0x00007ffcc0440000 - 0x00007ffcc0449000 	C:\WINDOWS\SYSTEM32\WSOCK32.dll
0x00007ffcc7640000 - 0x00007ffcc76af000 	C:\WINDOWS\System32\WS2_32.dll
0x00007ffcc5a10000 - 0x00007ffcc5a21000 	C:\WINDOWS\System32\kernel.appcore.dll
0x00007ffcc0200000 - 0x00007ffcc020a000 	D:\Eclipse\New Folder\bin\jimage.dll
0x00007ffcc54d0000 - 0x00007ffcc56c4000 	C:\WINDOWS\SYSTEM32\DBGHELP.DLL
0x00007ffcc5270000 - 0x00007ffcc529a000 	C:\WINDOWS\SYSTEM32\dbgcore.DLL
0x00007ffcb5000000 - 0x00007ffcb5025000 	D:\Eclipse\New Folder\bin\java.dll

dbghelp: loaded successfully - version: 4.0.5 - missing functions: none
symbol engine: initialized successfully - sym options: 0x614 - pdb path: .;D:\Eclipse\New Folder\bin;C:\WINDOWS\SYSTEM32;C:\WINDOWS\WinSxS\amd64_microsoft.windows.common-controls_6595b64144ccf1df_6.0.18362.1256_none_9e7e379be45e40e2;D:\Eclipse\New Folder\bin\server

VM Arguments:
jvm_args: -Dfile.encoding=GBK 
java_command: main_part.MainBody
java_class_path (initial): D:\Eclipse\Eclipse123\Marathon information management system\bin
Launcher Type: SUN_STANDARD

[Global flags]
     intx CICompilerCount                          = 4                                         {product} {ergonomic}
     uint ConcGCThreads                            = 2                                         {product} {ergonomic}
     uint G1ConcRefinementThreads                  = 8                                         {product} {ergonomic}
   size_t G1HeapRegionSize                         = 1048576                                   {product} {ergonomic}
    uintx GCDrainStackTargetSize                   = 64                                        {product} {ergonomic}
   size_t InitialHeapSize                          = 132120576                                 {product} {ergonomic}
   size_t MarkStackSize                            = 4194304                                   {product} {ergonomic}
   size_t MaxHeapSize                              = 2107637760                                {product} {ergonomic}
   size_t MinHeapDeltaBytes                        = 1048576                                   {product} {ergonomic}
   size_t MinHeapSize                              = 8388608                                   {product} {ergonomic}
    uintx NonNMethodCodeHeapSize                   = 5839372                                {pd product} {ergonomic}
    uintx NonProfiledCodeHeapSize                  = 122909434                              {pd product} {ergonomic}
    uintx ProfiledCodeHeapSize                     = 122909434                              {pd product} {ergonomic}
    uintx ReservedCodeCacheSize                    = 251658240                              {pd product} {ergonomic}
     bool SegmentedCodeCache                       = true                                      {product} {ergonomic}
   size_t SoftMaxHeapSize                          = 2107637760                             {manageable} {ergonomic}
     bool UseCompressedClassPointers               = true                                 {lp64_product} {ergonomic}
     bool UseCompressedOops                        = true                                 {lp64_product} {ergonomic}
     bool UseG1GC                                  = true                                      {product} {ergonomic}
     bool UseLargePagesIndividualAllocation        = false                                  {pd product} {ergonomic}

Logging:
Log output configuration:
 #0: stdout all=warning uptime,level,tags
 #1: stderr all=off uptime,level,tags

Environment Variables:
PATH=C:\Program Files\Common Files\Oracle\Java\javapath;C:\Windows\system32;C:\Windows;C:\Windows\System32\Wbem;C:\Windows\System32\WindowsPowerShell\v1.0\;C:\Windows\System32\OpenSSH\;C:\Program Files (x86)\NVIDIA Corporation\PhysX\Common;C:\WINDOWS\system32;C:\WINDOWS;C:\WINDOWS\System32\Wbem;C:\WINDOWS\System32\WindowsPowerShell\v1.0\;C:\WINDOWS\System32\OpenSSH\;D:\下载的\Python\Scripts\;D:\下载的\Python\;C:\Users\Lenovo\AppData\Local\Microsoft\WindowsApps;D:\vs code\Microsoft VS Code\bin
USERNAME=Lenovo
OS=Windows_NT
PROCESSOR_IDENTIFIER=Intel64 Family 6 Model 142 Stepping 11, GenuineIntel



---------------  S Y S T E M  ---------------

OS:
 Windows 10 , 64 bit Build 18362 (10.0.18362.1110)
OS uptime: 7 days 5:07 hours

CPU: total 8 (initial active 8) (4 cores per cpu, 2 threads per core) family 6 model 142 stepping 11, cmov, cx8, fxsr, mmx, sse, sse2, sse3, ssse3, sse4.1, sse4.2, popcnt, vzeroupper, avx, avx2, aes, clmul, erms, 3dnowpref, lzcnt, ht, tsc, tscinvbit, bmi1, bmi2, adx, fma, clflush, clflushopt

Memory: 4k page, system-wide physical 8039M (3646M free)
TotalPageFile size 20860M (AvailPageFile size 65M)
current process WorkingSet (physical memory assigned to process): 10M, peak: 10M
current process commit charge ("private bytes"): 60M, peak: 186M

vm_info: Java HotSpot(TM) 64-Bit Server VM (15+36-1562) for windows-amd64 JRE (15+36-1562), built on Aug 11 2020 22:38:02 by "mach5one" with unknown MS VC++:1925

END.
